{ speeds: 
   { download: 60.054,
     upload: 34.714,
     originalDownload: 6613894,
     originalUpload: 3809670 },
  client: 
   { ip: '50.203.238.241',
     lat: 44.9422,
     lon: -93.294,
     isp: 'Comcast Business',
     isprating: 3.7,
     rating: 0,
     ispdlavg: 0,
     ispulavg: 0,
     country: 'US' },
  server: 
   { host: 'ookla1.stplmn.sprintadp.net',
     lat: 44.9537,
     lon: -93.09,
     location: 'St. Paul, MN',
     country: 'United States',
     cc: 'US',
     sponsor: 'Sprint',
     distance: 16.11,
     distanceMi: 10.01,
     ping: 42.9,
     id: '15870' } }
